API Call :  {"code":200,"endpoint":"http:\/\/ws.nausys.com\/CBMS-external\/rest\/catalogue\/v6\/cabins\/102701","time":"2023-03-14 11:05:35"}
API Call :  {"code":200,"endpoint":"http:\/\/ws.nausys.com\/CBMS-external\/rest\/catalogue\/v6\/countries","time":"2023-03-14 11:05:36"}
API Call :  {"code":200,"endpoint":"http:\/\/ws.nausys.com\/CBMS-external\/rest\/catalogue\/v6\/cabins\/102701","time":"2023-03-14 11:06:31"}
API Call :  {"code":200,"endpoint":"http:\/\/ws.nausys.com\/CBMS-external\/rest\/catalogue\/v6\/countries","time":"2023-03-14 11:06:32"}
API Call :  {"code":200,"endpoint":"http:\/\/ws.nausys.com\/CBMS-external\/rest\/catalogue\/v6\/cabins\/102701","time":"2023-03-14 11:07:28"}
API Call :  {"code":200,"endpoint":"http:\/\/ws.nausys.com\/CBMS-external\/rest\/catalogue\/v6\/countries","time":"2023-03-14 11:07:29"}
API Call :  {"code":200,"endpoint":"http:\/\/ws.nausys.com\/CBMS-external\/rest\/catalogue\/v6\/cabins\/102701","time":"2023-03-14 11:08:52"}
API Call :  {"code":200,"endpoint":"http:\/\/ws.nausys.com\/CBMS-external\/rest\/catalogue\/v6\/countries","time":"2023-03-14 11:08:53"}
API Call :  {"code":"","endpoint":false,"time":"2023-03-14 13:43:32"}
API Call :  {"code":"","endpoint":false,"time":"2023-03-14 13:43:57"}
API Call :  {"code":200,"endpoint":"http:\/\/ws.nausys.com\/CBMS-external\/rest\/catalogue\/v6\/cabins\/102701","time":"2023-03-14 13:47:54"}
API Call :  {"code":200,"endpoint":"http:\/\/ws.nausys.com\/CBMS-external\/rest\/catalogue\/v6\/countries","time":"2023-03-14 14:11:18"}
API Call :  {"code":200,"endpoint":"http:\/\/ws.nausys.com\/CBMS-external\/rest\/catalogue\/v6\/countries","time":"2023-03-14 14:13:00"}
API Call :  {"code":200,"endpoint":"http:\/\/ws.nausys.com\/CBMS-external\/rest\/catalogue\/v6\/cabins\/102701","time":"2023-03-14 16:23:02"}
API Call :  {"code":200,"endpoint":"http:\/\/ws.nausys.com\/CBMS-external\/rest\/catalogue\/v6\/cabins\/102701","time":"2023-03-14 16:23:52"}
API Call :  {"code":200,"endpoint":"http:\/\/ws.nausys.com\/CBMS-external\/rest\/catalogue\/v6\/charterBases","time":"2023-03-14 16:25:00"}
API Call :  {"code":200,"endpoint":"http:\/\/ws.nausys.com\/CBMS-external\/rest\/catalogue\/v6\/charterBases","time":"2023-03-14 16:25:35"}
API Call :  {"code":200,"endpoint":"http:\/\/ws.nausys.com\/CBMS-external\/rest\/catalogue\/v6\/charterBases","time":"2023-03-14 16:32:18"}
API Call :  {"code":200,"endpoint":"http:\/\/ws.nausys.com\/CBMS-external\/rest\/catalogue\/v6\/charterBases","time":"2023-03-14 16:33:16"}
API Call :  {"code":200,"endpoint":"http:\/\/ws.nausys.com\/CBMS-external\/rest\/catalogue\/v6\/charterBases","time":"2023-03-14 16:34:18"}
API Call :  {"code":200,"endpoint":"http:\/\/ws.nausys.com\/CBMS-external\/rest\/catalogue\/v6\/charterBases","time":"2023-03-14 16:34:47"}
API Call :  {"code":200,"endpoint":"http:\/\/ws.nausys.com\/CBMS-external\/rest\/catalogue\/v6\/charterBases","time":"2023-03-14 16:35:54"}
API Call :  {"code":"","endpoint":false,"time":"2023-03-14 16:36:13"}
API Call :  {"code":"","endpoint":false,"time":"2023-03-14 16:36:44"}
API Call :  {"code":"","endpoint":false,"time":"2023-03-14 16:37:27"}
API Call :  {"code":"","endpoint":false,"time":"2023-03-14 16:39:16"}
API Call :  {"code":"","endpoint":false,"time":"2023-03-14 16:39:37"}
API Call :  {"code":"","endpoint":"","time":"2023-03-14 16:40:05"}
API Call :  {"code":"","endpoint":"","time":"2023-03-14 16:40:09"}
API Call :  {"code":200,"endpoint":"http:\/\/ws.nausys.com\/CBMS-external\/rest\/catalogue\/v6\/cabins\/102701","time":"2023-03-14 16:42:10"}
API Call :  {"code":200,"endpoint":"http:\/\/ws.nausys.com\/CBMS-external\/rest\/catalogue\/v6\/charterBases","time":"2023-03-14 16:42:25"}
API Call :  {"code":200,"endpoint":"http:\/\/ws.nausys.com\/CBMS-external\/rest\/catalogue\/v6\/charterBases","time":"2023-03-14 16:42:37"}
API Call :  {"code":200,"endpoint":"http:\/\/ws.nausys.com\/CBMS-external\/rest\/catalogue\/v6\/charterBases","time":"2023-03-14 16:43:36"}
API Call :  {"code":200,"endpoint":"http:\/\/ws.nausys.com\/CBMS-external\/rest\/catalogue\/v6\/charterBases","time":"2023-03-14 16:43:50"}
API Call :  {"code":200,"endpoint":"http:\/\/ws.nausys.com\/CBMS-external\/rest\/catalogue\/v6\/charterBases","time":"2023-03-14 16:44:12"}
API Call :  {"code":200,"endpoint":"http:\/\/ws.nausys.com\/CBMS-external\/rest\/catalogue\/v6\/charterBases","time":"2023-03-14 16:44:46"}
